Compiling the C compiler identification source file "CMakeCCompilerId.c" failed.
Compiler: /Applications/Xcode.app/Contents/Developer/Toolchains/XcodeDefault.xctoolchain/usr/bin/cc 
Build flags: 
Id flags:  

The output was:
1
ld: library not found for -lSystem
clang: error: linker command failed with exit code 1 (use -v to see invocation)


Compiling the CXX compiler identification source file "CMakeCXXCompilerId.cpp" failed.
Compiler: /Applications/Xcode.app/Contents/Developer/Toolchains/XcodeDefault.xctoolchain/usr/bin/c++ 
Build flags: 
Id flags:  

The output was:
1
ld: library not found for -lc++
clang: error: linker command failed with exit code 1 (use -v to see invocation)


Determining if the function crc32c_value exists in the crc32c failed with the following output:
Change Dir: /Users/limiaochen/CLionProjects/leveldb/cmake-build-debug/CMakeFiles/CMakeTmp

Run Build Command(s):/usr/bin/make cmTC_15c51/fast && /Applications/Xcode.app/Contents/Developer/usr/bin/make  -f CMakeFiles/cmTC_15c51.dir/build.make CMakeFiles/cmTC_15c51.dir/build
Building C object CMakeFiles/cmTC_15c51.dir/CheckFunctionExists.c.o
/Applications/Xcode.app/Contents/Developer/Toolchains/XcodeDefault.xctoolchain/usr/bin/cc   -DCHECK_FUNCTION_EXISTS=crc32c_value -isysroot /Applications/Xcode.app/Contents/Developer/Platforms/MacOSX.platform/Developer/SDKs/MacOSX12.1.sdk -std=c11 -o CMakeFiles/cmTC_15c51.dir/CheckFunctionExists.c.o -c "/Users/limiaochen/Library/Application Support/JetBrains/Toolbox/apps/CLion/ch-0/211.6693.114/CLion.app/Contents/bin/cmake/mac/share/cmake-3.19/Modules/CheckFunctionExists.c"
Linking C executable cmTC_15c51
"/Users/limiaochen/Library/Application Support/JetBrains/Toolbox/apps/CLion/ch-0/211.6693.114/CLion.app/Contents/bin/cmake/mac/bin/cmake" -E cmake_link_script CMakeFiles/cmTC_15c51.dir/link.txt --verbose=1
/Applications/Xcode.app/Contents/Developer/Toolchains/XcodeDefault.xctoolchain/usr/bin/cc  -DCHECK_FUNCTION_EXISTS=crc32c_value -isysroot /Applications/Xcode.app/Contents/Developer/Platforms/MacOSX.platform/Developer/SDKs/MacOSX12.1.sdk -Wl,-search_paths_first -Wl,-headerpad_max_install_names CMakeFiles/cmTC_15c51.dir/CheckFunctionExists.c.o -o cmTC_15c51  -lcrc32c 
ld: library not found for -lcrc32c
clang: error: linker command failed with exit code 1 (use -v to see invocation)
make[1]: *** [cmTC_15c51] Error 1
make: *** [cmTC_15c51/fast] Error 2



Determining if the function snappy_compress exists in the snappy failed with the following output:
Change Dir: /Users/limiaochen/CLionProjects/leveldb/cmake-build-debug/CMakeFiles/CMakeTmp

Run Build Command(s):/usr/bin/make cmTC_2e6ac/fast && /Applications/Xcode.app/Contents/Developer/usr/bin/make  -f CMakeFiles/cmTC_2e6ac.dir/build.make CMakeFiles/cmTC_2e6ac.dir/build
Building C object CMakeFiles/cmTC_2e6ac.dir/CheckFunctionExists.c.o
/Applications/Xcode.app/Contents/Developer/Toolchains/XcodeDefault.xctoolchain/usr/bin/cc   -DCHECK_FUNCTION_EXISTS=snappy_compress -isysroot /Applications/Xcode.app/Contents/Developer/Platforms/MacOSX.platform/Developer/SDKs/MacOSX12.1.sdk -std=c11 -o CMakeFiles/cmTC_2e6ac.dir/CheckFunctionExists.c.o -c "/Users/limiaochen/Library/Application Support/JetBrains/Toolbox/apps/CLion/ch-0/211.6693.114/CLion.app/Contents/bin/cmake/mac/share/cmake-3.19/Modules/CheckFunctionExists.c"
Linking C executable cmTC_2e6ac
"/Users/limiaochen/Library/Application Support/JetBrains/Toolbox/apps/CLion/ch-0/211.6693.114/CLion.app/Contents/bin/cmake/mac/bin/cmake" -E cmake_link_script CMakeFiles/cmTC_2e6ac.dir/link.txt --verbose=1
/Applications/Xcode.app/Contents/Developer/Toolchains/XcodeDefault.xctoolchain/usr/bin/cc  -DCHECK_FUNCTION_EXISTS=snappy_compress -isysroot /Applications/Xcode.app/Contents/Developer/Platforms/MacOSX.platform/Developer/SDKs/MacOSX12.1.sdk -Wl,-search_paths_first -Wl,-headerpad_max_install_names CMakeFiles/cmTC_2e6ac.dir/CheckFunctionExists.c.o -o cmTC_2e6ac  -lsnappy 
ld: library not found for -lsnappy
clang: error: linker command failed with exit code 1 (use -v to see invocation)
make[1]: *** [cmTC_2e6ac] Error 1
make: *** [cmTC_2e6ac/fast] Error 2



Determining if the function malloc exists in the tcmalloc failed with the following output:
Change Dir: /Users/limiaochen/CLionProjects/leveldb/cmake-build-debug/CMakeFiles/CMakeTmp

Run Build Command(s):/usr/bin/make cmTC_9e7b8/fast && /Applications/Xcode.app/Contents/Developer/usr/bin/make  -f CMakeFiles/cmTC_9e7b8.dir/build.make CMakeFiles/cmTC_9e7b8.dir/build
Building C object CMakeFiles/cmTC_9e7b8.dir/CheckFunctionExists.c.o
/Applications/Xcode.app/Contents/Developer/Toolchains/XcodeDefault.xctoolchain/usr/bin/cc   -DCHECK_FUNCTION_EXISTS=malloc -isysroot /Applications/Xcode.app/Contents/Developer/Platforms/MacOSX.platform/Developer/SDKs/MacOSX12.1.sdk -std=c11 -o CMakeFiles/cmTC_9e7b8.dir/CheckFunctionExists.c.o -c "/Users/limiaochen/Library/Application Support/JetBrains/Toolbox/apps/CLion/ch-0/211.6693.114/CLion.app/Contents/bin/cmake/mac/share/cmake-3.19/Modules/CheckFunctionExists.c"
/Users/limiaochen/Library/Application Support/JetBrains/Toolbox/apps/CLion/ch-0/211.6693.114/CLion.app/Contents/bin/cmake/mac/share/cmake-3.19/Modules/CheckFunctionExists.c:7:3: warning: incompatible redeclaration of library function 'malloc' [-Wincompatible-library-redeclaration]
  CHECK_FUNCTION_EXISTS(void);
  ^
<command line>:1:31: note: expanded from here
#define CHECK_FUNCTION_EXISTS malloc
                              ^
/Users/limiaochen/Library/Application Support/JetBrains/Toolbox/apps/CLion/ch-0/211.6693.114/CLion.app/Contents/bin/cmake/mac/share/cmake-3.19/Modules/CheckFunctionExists.c:7:3: note: 'malloc' is a builtin with type 'void *(unsigned long)'
<command line>:1:31: note: expanded from here
#define CHECK_FUNCTION_EXISTS malloc
                              ^
1 warning generated.
Linking C executable cmTC_9e7b8
"/Users/limiaochen/Library/Application Support/JetBrains/Toolbox/apps/CLion/ch-0/211.6693.114/CLion.app/Contents/bin/cmake/mac/bin/cmake" -E cmake_link_script CMakeFiles/cmTC_9e7b8.dir/link.txt --verbose=1
/Applications/Xcode.app/Contents/Developer/Toolchains/XcodeDefault.xctoolchain/usr/bin/cc  -DCHECK_FUNCTION_EXISTS=malloc -isysroot /Applications/Xcode.app/Contents/Developer/Platforms/MacOSX.platform/Developer/SDKs/MacOSX12.1.sdk -Wl,-search_paths_first -Wl,-headerpad_max_install_names CMakeFiles/cmTC_9e7b8.dir/CheckFunctionExists.c.o -o cmTC_9e7b8  -ltcmalloc 
ld: library not found for -ltcmalloc
clang: error: linker command failed with exit code 1 (use -v to see invocation)
make[1]: *** [cmTC_9e7b8] Error 1
make: *** [cmTC_9e7b8/fast] Error 2



Determining if the fdatasync exist failed with the following output:
Change Dir: /Users/limiaochen/CLionProjects/leveldb/cmake-build-debug/CMakeFiles/CMakeTmp

Run Build Command(s):/usr/bin/make cmTC_e18f4/fast && /Applications/Xcode.app/Contents/Developer/usr/bin/make  -f CMakeFiles/cmTC_e18f4.dir/build.make CMakeFiles/cmTC_e18f4.dir/build
Building CXX object CMakeFiles/cmTC_e18f4.dir/CheckSymbolExists.cxx.o
/Applications/Xcode.app/Contents/Developer/Toolchains/XcodeDefault.xctoolchain/usr/bin/c++   -isysroot /Applications/Xcode.app/Contents/Developer/Platforms/MacOSX.platform/Developer/SDKs/MacOSX12.1.sdk -std=c++11 -o CMakeFiles/cmTC_e18f4.dir/CheckSymbolExists.cxx.o -c /Users/limiaochen/CLionProjects/leveldb/cmake-build-debug/CMakeFiles/CMakeTmp/CheckSymbolExists.cxx
/Users/limiaochen/CLionProjects/leveldb/cmake-build-debug/CMakeFiles/CMakeTmp/CheckSymbolExists.cxx:8:19: error: use of undeclared identifier 'fdatasync'
  return ((int*)(&fdatasync))[argc];
                  ^
1 error generated.
make[1]: *** [CMakeFiles/cmTC_e18f4.dir/CheckSymbolExists.cxx.o] Error 1
make: *** [cmTC_e18f4/fast] Error 2


File /Users/limiaochen/CLionProjects/leveldb/cmake-build-debug/CMakeFiles/CMakeTmp/CheckSymbolExists.cxx:
/* */
#include <unistd.h>

int main(int argc, char** argv)
{
  (void)argv;
#ifndef fdatasync
  return ((int*)(&fdatasync))[argc];
#else
  (void)argc;
  return 0;
#endif
}
Performing C++ SOURCE FILE Test HAVE_KYOTOCABINET failed with the following output:
Change Dir: /Users/limiaochen/CLionProjects/leveldb/cmake-build-debug/CMakeFiles/CMakeTmp

Run Build Command(s):/usr/bin/make cmTC_15cea/fast && /Applications/Xcode.app/Contents/Developer/usr/bin/make  -f CMakeFiles/cmTC_15cea.dir/build.make CMakeFiles/cmTC_15cea.dir/build
Building CXX object CMakeFiles/cmTC_15cea.dir/src.cxx.o
/Applications/Xcode.app/Contents/Developer/Toolchains/XcodeDefault.xctoolchain/usr/bin/c++ -DHAVE_KYOTOCABINET  -fno-exceptions -fno-rtti  -isysroot /Applications/Xcode.app/Contents/Developer/Platforms/MacOSX.platform/Developer/SDKs/MacOSX12.1.sdk -std=c++11 -o CMakeFiles/cmTC_15cea.dir/src.cxx.o -c /Users/limiaochen/CLionProjects/leveldb/cmake-build-debug/CMakeFiles/CMakeTmp/src.cxx
/Users/limiaochen/CLionProjects/leveldb/cmake-build-debug/CMakeFiles/CMakeTmp/src.cxx:2:10: fatal error: 'kcpolydb.h' file not found
#include <kcpolydb.h>
         ^~~~~~~~~~~~
1 error generated.
make[1]: *** [CMakeFiles/cmTC_15cea.dir/src.cxx.o] Error 1
make: *** [cmTC_15cea/fast] Error 2


Source file was:

#include <kcpolydb.h>

int main() {
  kyotocabinet::TreeDB* db = new kyotocabinet::TreeDB();
  delete db;
  return 0;
}
  
